2025-05-29 15:33:13.1009 Info - SupportBank.Program: Hello again
2025-05-29 15:33:13.1537 Error - SupportBank.UserAccount: The input string 'One Cheeseburger' was not in a correct format.
2025-05-29 16:02:36.7555 Info - SupportBank.Program: Hello again
2025-05-29 16:02:57.5245 Info - SupportBank.Program: Hello again
2025-05-29 16:04:41.8345 Info - SupportBank.Program: Hello again
2025-05-30 10:14:34.2095 Info - SupportBank.Program: Hello again
2025-05-30 10:14:45.9480 Info - SupportBank.Program: Hello again
2025-05-30 10:16:44.7840 Info - SupportBank.Program: Programme started
2025-05-30 10:17:09.1473 Info - SupportBank.Program: Programme started
2025-05-30 10:18:40.4754 Info - SupportBank.Program: Programme started
2025-05-30 10:19:53.9261 Info - SupportBank.Program: Programme started
2025-05-30 10:19:58.6763 Error - SupportBank.Program: Object reference not set to an instance of an object.
2025-05-30 10:39:00.9173 Info - SupportBank.Program: Programme started
2025-05-30 10:39:56.3408 Info - SupportBank.Program: Programme started
2025-05-30 10:42:40.3878 Info - SupportBank.Program: Programme started
2025-05-30 10:43:54.4260 Info - SupportBank.Program: Programme started
2025-05-30 10:48:10.3295 Info - SupportBank.Program: Programme started
2025-05-30 10:48:55.8418 Info - SupportBank.Program: Programme started
2025-05-30 11:10:25.1291 Info - SupportBank.Program: Programme started
2025-05-30 11:11:03.0784 Info - SupportBank.Program: Programme started
2025-05-30 11:11:13.3224 Info - SupportBank.Program: Programme started
2025-05-30 11:12:10.6560 Info - SupportBank.Program: Programme started
2025-05-30 11:12:30.1133 Info - SupportBank.Program: Programme started
2025-05-30 11:23:25.7198 Info - SupportBank.Program: Programme started
2025-05-30 11:23:31.0195 Info - SupportBank.Program: User chose report option
2025-05-30 11:23:34.4507 Info - SupportBank.Program: printed transactions for tim l
2025-05-30 11:25:32.7223 Info - SupportBank.Program: Programme started
2025-05-30 11:25:39.2082 Info - SupportBank.Program: User chose report option 2
2025-05-30 11:25:41.9754 Info - SupportBank.Program: printed transactions for tim l
2025-05-30 11:25:47.5596 Info - SupportBank.Program: Programme started
2025-05-30 11:25:50.4551 Info - SupportBank.Program: User chose report option 1
2025-05-30 11:25:50.4711 Info - SupportBank.Program: All transactions printed
2025-05-30 11:29:12.6443 Info - SupportBank.Program: Programme started
2025-05-30 11:29:12.7455 Info - SupportBank.Program: This information was not processed as a transaction: 
2025-05-30 11:29:12.7500 Info - SupportBank.Program: This information was not processed as a transaction: 
2025-05-30 11:29:13.9704 Info - SupportBank.Program: User chose report option 1
2025-05-30 11:29:13.9997 Info - SupportBank.Program: All transactions printed
2025-05-30 11:29:48.4174 Info - SupportBank.Program: Programme started
2025-05-30 11:29:48.4730 Info - SupportBank.Program: This information was not processed as a transaction: 01/03/2015,Ben B,Sam N,Lunch,One Cheeseburger
2025-05-30 11:29:48.4730 Info - SupportBank.Program: This information was not processed as a transaction: Last Thursday,Sarah T,Dan W,Beers,5.42
2025-05-30 11:29:49.3701 Info - SupportBank.Program: User chose report option 1
2025-05-30 11:29:49.3701 Info - SupportBank.Program: All transactions printed
2025-05-30 11:31:42.2120 Info - SupportBank.Program: Programme started
2025-05-30 11:31:42.2566 Info - SupportBank.Program: This information was not processed as a transaction: 01/03/2015,Ben B,Sam N,Lunch,One Cheeseburger
2025-05-30 11:31:42.2566 Info - SupportBank.Program: This information was not processed as a transaction: Last Thursday,Sarah T,Dan W,Beers,5.42
2025-05-30 11:31:42.2566 Info - SupportBank.Program: The csv file has been read
2025-05-30 11:31:44.7390 Info - SupportBank.Program: User chose report option 1
2025-05-30 11:31:44.7525 Info - SupportBank.Program: All transactions printed
2025-05-30 11:33:45.8018 Info - SupportBank.Program: Programme started
2025-05-30 11:33:45.8605 Info - SupportBank.Program: This information was not processed as a transaction: 01/03/2015,Ben B,Sam N,Lunch,One Cheeseburger
2025-05-30 11:33:45.8605 Info - SupportBank.Program: This information was not processed as a transaction: Last Thursday,Sarah T,Dan W,Beers,5.42
2025-05-30 11:33:45.8605 Info - SupportBank.Program: The csv file has been read
2025-05-30 11:33:49.4914 Info - SupportBank.Program: User chose report option 1
2025-05-30 11:33:49.5078 Info - SupportBank.Program: All transactions printed
2025-05-30 11:33:49.5078 Info - SupportBank.Program: Programme ended
2025-05-30 11:45:21.4292 Info - SupportBank.Program: Programme started
2025-05-30 11:45:21.6054 Info - SupportBank.CsvProcessor: This information was not processed as a transaction: 01/03/2015,Ben B,Sam N,Lunch,One Cheeseburger
2025-05-30 11:45:21.6054 Info - SupportBank.CsvProcessor: This information was not processed as a transaction: Last Thursday,Sarah T,Dan W,Beers,5.42
2025-05-30 11:45:21.6054 Info - SupportBank.CsvProcessor: The csv file has been read
2025-05-30 11:45:28.2967 Info - SupportBank.Program: User chose report option 1
2025-05-30 11:45:28.3119 Info - SupportBank.Program: All transactions printed
2025-05-30 11:45:28.3119 Info - SupportBank.Program: Programme ended
2025-05-30 11:45:32.0277 Info - SupportBank.Program: Programme started
2025-05-30 11:45:32.0683 Info - SupportBank.CsvProcessor: This information was not processed as a transaction: 01/03/2015,Ben B,Sam N,Lunch,One Cheeseburger
2025-05-30 11:45:32.0683 Info - SupportBank.CsvProcessor: This information was not processed as a transaction: Last Thursday,Sarah T,Dan W,Beers,5.42
2025-05-30 11:45:32.0683 Info - SupportBank.CsvProcessor: The csv file has been read
2025-05-30 11:45:34.7181 Info - SupportBank.Program: User chose report option 2
2025-05-30 11:45:38.4770 Info - SupportBank.Program: printed transactions for tim l
2025-05-30 11:45:38.4770 Info - SupportBank.Program: Programme ended
2025-05-30 11:46:50.8828 Info - SupportBank.Program: Programme started
2025-05-30 11:46:50.9378 Info - SupportBank.CsvProcessor: This information was not processed as a transaction: 01/03/2015,Ben B,Sam N,Lunch,One Cheeseburger
2025-05-30 11:46:50.9378 Info - SupportBank.CsvProcessor: This information was not processed as a transaction: Last Thursday,Sarah T,Dan W,Beers,5.42
2025-05-30 11:46:50.9378 Info - SupportBank.CsvProcessor: The csv file has been read
2025-05-30 11:46:56.1999 Info - SupportBank.Program: User chose report option 2
2025-05-30 11:46:58.5319 Info - SupportBank.Program: printed transactions for tim l
2025-05-30 11:46:58.5319 Info - SupportBank.Program: Programme ended
2025-05-30 11:47:09.5968 Info - SupportBank.Program: Programme started
2025-05-30 11:47:09.6397 Info - SupportBank.CsvProcessor: This information was not processed as a transaction: 01/03/2015,Ben B,Sam N,Lunch,One Cheeseburger
2025-05-30 11:47:09.6397 Info - SupportBank.CsvProcessor: This information was not processed as a transaction: Last Thursday,Sarah T,Dan W,Beers,5.42
2025-05-30 11:47:09.6397 Info - SupportBank.CsvProcessor: The csv file has been read
2025-05-30 11:47:11.3849 Info - SupportBank.Program: User chose report option 1
2025-05-30 11:47:11.4013 Info - SupportBank.Program: All transactions printed
2025-05-30 11:47:11.4013 Info - SupportBank.Program: Programme ended
2025-05-30 11:47:15.4297 Info - SupportBank.Program: Programme started
2025-05-30 11:47:15.4725 Info - SupportBank.CsvProcessor: This information was not processed as a transaction: 01/03/2015,Ben B,Sam N,Lunch,One Cheeseburger
2025-05-30 11:47:15.4725 Info - SupportBank.CsvProcessor: This information was not processed as a transaction: Last Thursday,Sarah T,Dan W,Beers,5.42
2025-05-30 11:47:15.4725 Info - SupportBank.CsvProcessor: The csv file has been read
2025-05-30 11:47:19.6049 Info - SupportBank.Program: User chose report option 2
2025-05-30 11:47:21.9416 Info - SupportBank.Program: printed transactions for ben b
2025-05-30 11:47:21.9416 Info - SupportBank.Program: Programme ended
